0 92
1 82
2 104
3 52
4 52
5 82
6 105
7 125
8 125
9 52
10 74
11 139
12 74
13 139
14 74
15 139
16 132
17 56
18 122
19 139
20 139
21 139
22 139
23 52
24 139
25 139
26 74
27 139
28 122
29 139
30 139
31 139
32 52
33 139
34 139
35 52
36 82
37 122
38 142
39 139
40 52
41 94
42 52
43 52
44 102
45 52
46 94
47 94
48 94
49 53
50 45
51 94
52 84
53 97
54 142
55 94
56 82
57 94
58 52
59 52
60 142
61 94
62 142
63 52
64 94
65 122
66 7
67 7
68 94
69 84
70 84
71 96
72 84
73 70
74 7
75 134
76 92
77 94
78 124
79 94
80 96
81 82
82 102
83 143
84 82
85 141
86 141
87 78
88 84
89 84
90 116
91 116
92 52
93 50
94 84
95 84
96 84
97 118
98 59
99 85
100 94
101 35
102 130
103 106
104 125
105 85
106 84
107 118
108 149
109 84
110 35
111 86
112 118
113 85
114 84
115 52
116 149
117 117
118 121
119 106
120 118
121 149
122 130
123 66
124 66
125 106
126 11
127 76
128 100
129 11
130 41
131 66
132 44
133 15
134 144
135 57
136 100
137 130
138 82
139 15
140 144
141 117
142 76
143 35
144 41
145 101
146 15
147 119
148 44
149 66
150 106
151 66
152 66
153 44
154 42
155 66
156 106
157 44
158 42
159 141
160 88
161 76
162 45
163 11
164 88
165 20
166 15
167 51
168 11
169 20
170 76
171 16
172 20
173 149
174 9
175 45
176 45
177 38
178 106
179 44
180 106
181 27
182 35
183 45
184 20
185 35
186 35
187 35
188 35
189 130
190 86
191 149
192 42
193 20
194 85
195 137
196 35
197 35
198 9
199 137
200 9
201 88
202 35
203 92
204 79
205 35
206 53
207 124
208 70
209 130
210 86
211 143
212 143
213 143
214 143
215 124
216 143
217 106
218 124
219 53
220 143
221 86
222 86
223 143
224 51
225 144
226 51
227 86
228 112
229 89
230 86
231 53
232 86
233 67
234 137
235 86
236 72
237 11
238 86
239 86
240 35
241 112
242 106
243 72
244 44
245 112
246 86
247 56
248 72
249 69
250 86
251 106
252 86
253 124
254 136
255 27
256 11
257 106
258 72
259 72
260 70
261 72
262 136
263 76
264 131
265 51
266 72
267 131
268 131
269 124
270 9
271 41
272 149
273 70
274 9
275 72
276 72
277 131
278 101
279 137
280 72
281 57
282 33
283 144
284 93
285 85
286 124
287 70
288 11
289 124
290 116
291 89
292 142
293 11
294 131
295 72
296 116
297 144
298 112
299 137
300 124
301 140
302 40
303 8
304 144
305 29
306 36
307 40
308 57
309 29
310 140
311 29
312 9
313 140
314 29
315 116
316 140
317 109
318 0
319 8
320 8
321 93
322 86
323 93
324 8
325 144
326 119
327 44
328 29
329 8
330 29
331 44
332 85
333 57
334 40
335 40
336 76
337 55
338 8
339 23
340 131
341 131
342 144
343 29
344 29
345 92
346 137
347 86
348 69
349 66
350 124
351 112
352 3
353 86
354 116
355 116
356 113
357 15
358 110
359 69
360 109
361 117
362 137
363 109
364 109
365 109
366 137
367 69
368 16
369 116
370 69
371 23
372 137
373 113
374 15
375 149
376 45
377 11
378 113
379 56
380 54
381 37
382 90
383 37
384 90
385 81
386 13
387 81
388 81
389 1
390 81
391 81
392 43
393 143
394 37
395 81
396 90
397 145
398 142
399 54
400 145
401 113
402 111
403 1
404 37
405 54
406 43
407 111
408 87
409 43
410 68
411 43
412 38
413 113
414 38
415 113
416 132
417 78
418 113
419 87
420 56
421 105
422 27
423 113
424 41
425 51
426 130
427 43
428 113
429 130
430 145
431 113
432 37
433 87
434 87
435 87
436 116
437 87
438 87
439 113
440 87
441 1
442 87
443 15
444 43
445 43
446 127
447 113
448 111
449 145
450 9
451 87
452 118
453 87
454 87
455 87
456 87
457 87
458 1
459 1
460 87
461 87
462 87
463 87
464 87
465 15
466 87
467 11
468 9
469 87
470 138
471 140
472 43
473 111
474 111
475 147
476 94
477 13
478 111
479 39
480 34
481 120
482 87
483 120
484 34
485 11
486 34
487 147
488 39
489 78
490 87
491 147
492 9
493 87
494 120
495 135
496 78
497 79
498 41
499 41
500 8
501 97
502 19
503 120
504 120
505 19
506 111
507 78
508 78
509 78
510 4
511 31
512 147
513 147
514 45
515 99
516 106
517 99
518 99
519 30
520 20
521 85
522 41
523 41
524 23
525 23
526 141
527 90
528 94
529 57
530 19
531 23
532 118
533 23
534 88
535 8
536 23
537 23
538 30
539 33
540 23
541 19
542 19
543 23
544 9
545 23
546 101
547 100
548 30
549 147
550 147
551 100
552 31
553 87
554 96
555 86
556 52
557 127
558 11
559 42
560 149
561 44
562 23
563 23
564 23
565 9
566 97
567 71
568 8
569 23
570 47
571 9
572 48
573 48
574 48
575 47
576 19
577 19
578 89
579 48
580 63
581 86
582 36
583 86
584 126
585 9
586 88
587 73
588 126
589 38
590 118
591 20
592 126
593 88
594 86
595 126
596 73
597 126
598 126
599 31
600 73
601 19
602 126
603 73
604 73
605 73
606 19
607 126
608 108
609 31
610 24
611 41
612 73
613 24
614 31
615 31
616 118
617 36
618 12
619 12
620 107
621 12
622 64
623 107
624 107
625 64
626 30
627 104
628 23
629 107
630 87
631 64
632 32
633 32
634 86
635 132
636 132
637 135
638 135
639 30
640 47
641 97
642 41
643 141
644 126
645 35
646 132
647 89
648 27
649 67
650 135
651 35
652 62
653 80
654 54
655 80
656 107
657 115
658 107
659 106
660 49
661 57
662 49
663 49
664 71
665 31
666 115
667 80
668 35
669 85
670 144
671 32
672 88
673 149
674 141
675 115
676 127
677 144
678 49
679 44
680 35
681 49
682 115
683 87
684 105
685 45
686 115
687 115
688 115
689 115
690 115
691 27
692 38
693 11
694 75
695 134
696 56
697 129
698 17
699 17
700 17
701 58
702 97
703 19
704 28
705 17
706 123
707 103
708 103
709 6
710 103
711 123
712 87
713 103
714 111
715 123
716 111
717 10
718 123
719 129
720 17
721 30
722 123
723 5
724 5
725 123
726 17
727 62
728 123
729 5
730 5
731 74
732 104
733 135
734 71
735 71
736 119
737 123
738 28
739 17
740 123
741 123
742 123
743 123
744 22
745 22
746 46
747 46
748 22
749 28
750 28
751 14
752 22
753 123
754 95
755 28
756 119
757 14
758 4
759 22
760 27
761 22
762 112
763 4
764 22
765 148
766 62
767 95
768 22
769 149
770 58
771 68
772 21
773 22
774 25
775 21
776 14
777 59
778 24
779 59
780 62
781 95
782 41
783 22
784 59
785 59
786 24
787 60
788 22
789 62
790 58
791 97
792 97
793 89
794 58
795 19
796 4
797 58
798 59
799 19
800 24
801 22
802 60
803 98
804 22
805 19
806 61
807 58
808 61
809 10
810 60
811 6
812 22
813 98
814 97
815 111
816 10
817 111
818 123
819 98
820 107
821 58
822 61
823 61
824 59
825 107
826 98
827 4
828 98
829 22
830 98
831 98
832 61
833 4
834 130
835 107
836 61
837 62
838 22
839 107
840 130
841 80
842 118
843 107
844 130
845 95
846 95
847 95
848 80
849 107
850 95
851 115
852 95
853 107
854 80
855 22
856 61
857 78
858 10
859 58
860 10
861 58
862 59
863 95
864 59
865 58
866 107
867 54
868 54
869 119
870 61
871 26
872 26
873 128
874 26
875 10
876 26
877 58
878 34
879 10
880 91
881 91
882 104
883 83
884 22
885 98
886 146
887 26
888 41
889 2
890 114
891 98
892 2
893 14
894 114
895 38
896 128
897 128
898 87
899 26
900 26
901 26
902 26
903 5
904 14
905 58
906 95
907 102
908 115
909 14
910 91
911 91
912 10
913 2
914 58
915 123
916 118
917 54
918 58
919 54
920 91
921 128
922 128
923 58
924 118
925 135
926 146
927 118
928 26
929 106
930 14
931 91
932 79
933 26
934 14
935 91
936 26
937 14
938 128
939 104
940 128
941 18
